<?xml version="1.0" encoding="UTF-8"?>
<!-- Generated by org.testng.reporters.JUnitXMLReporter -->
<testsuite ignored="0" hostname="Asus" failures="0" tests="3" name="Default test" time="30.763" errors="0" timestamp="2025-10-27T19:28:11 IST">
  <testcase classname="AllSteps.AllStepsClass" name="enter_username_and_password" time="6.428"/>
  <testcase classname="AllSteps.AllStepsClass" name="swipe_down_page" time="6.274"/>
  <testcase classname="AllSteps.AllStepsClass" name="click_On_Enter_Btn" time="3.206"/>
</testsuite> <!-- Default test -->
