<?xml version="1.0" encoding="UTF-8"?>
<testng-results ignored="0" total="3" passed="3" failed="0" skipped="0">
  <reporter-output>
  </reporter-output>
  <suite started-at="2025-10-27T19:27:40 IST" name="Default suite" finished-at="2025-10-27T19:28:11 IST" duration-ms="30763">
    <groups>
    </groups>
    <test started-at="2025-10-27T19:27:40 IST" name="Default test" finished-at="2025-10-27T19:28:11 IST" duration-ms="30763">
      <class name="AllSteps.AllStepsClass">
        <test-method is-config="true" signature="setupReports()[pri:0, instance:AllSteps.AllStepsClass@3bf7ca37]" started-at="2025-10-27T19:27:40 IST" name="setupReports" finished-at="2025-10-27T19:27:40 IST" duration-ms="217" status="PASS">
          <reporter-output>
          </reporter-output>
        </test-method> <!-- setupReports -->
        <test-method is-config="true" signature="setUp()[pri:0, instance:AllSteps.AllStepsClass@3bf7ca37]" started-at="2025-10-27T19:27:40 IST" name="setUp" finished-at="2025-10-27T19:27:55 IST" duration-ms="14797" status="PASS">
          <reporter-output>
          </reporter-output>
        </test-method> <!-- setUp -->
        <test-method signature="enter_username_and_password()[pri:1, instance:AllSteps.AllStepsClass@3bf7ca37]" started-at="2025-10-27T19:27:55 IST" name="enter_username_and_password" finished-at="2025-10-27T19:28:02 IST" duration-ms="6428" status="PASS">
          <reporter-output>
          </reporter-output>
        </test-method> <!-- enter_username_and_password -->
        <test-method signature="swipe_down_page()[pri:2, instance:AllSteps.AllStepsClass@3bf7ca37]" started-at="2025-10-27T19:28:02 IST" name="swipe_down_page" finished-at="2025-10-27T19:28:08 IST" duration-ms="6274" status="PASS">
          <reporter-output>
          </reporter-output>
        </test-method> <!-- swipe_down_page -->
        <test-method signature="click_On_Enter_Btn()[pri:3, instance:AllSteps.AllStepsClass@3bf7ca37]" started-at="2025-10-27T19:28:08 IST" name="click_On_Enter_Btn" finished-at="2025-10-27T19:28:11 IST" duration-ms="3206" status="PASS">
          <reporter-output>
          </reporter-output>
        </test-method> <!-- click_On_Enter_Btn -->
        <test-method is-config="true" signature="tearDown()[pri:0, instance:AllSteps.AllStepsClass@3bf7ca37]" started-at="2025-10-27T19:28:11 IST" name="tearDown" finished-at="2025-10-27T19:28:11 IST" duration-ms="2" status="PASS">
          <reporter-output>
          </reporter-output>
        </test-method> <!-- tearDown -->
        <test-method is-config="true" signature="teardownReports()[pri:0, instance:AllSteps.AllStepsClass@3bf7ca37]" started-at="2025-10-27T19:28:11 IST" name="teardownReports" finished-at="2025-10-27T19:28:12 IST" duration-ms="325" status="PASS">
          <reporter-output>
          </reporter-output>
        </test-method> <!-- teardownReports -->
      </class> <!-- AllSteps.AllStepsClass -->
    </test> <!-- Default test -->
  </suite> <!-- Default suite -->
</testng-results>
