<?xml version="1.0" encoding="UTF-8"?>
<!-- Generated by org.testng.reporters.JUnitReportReporter -->
<testsuite hostname="Asus" failures="0" tests="3" name="AllSteps.AllStepsClass" time="15.908" errors="0" timestamp="2025-10-27T19:28:12 IST" skipped="0">
  <testcase classname="AllSteps.AllStepsClass" name="enter_username_and_password" time="6.428"/>
  <system-out/>
  <testcase classname="AllSteps.AllStepsClass" name="swipe_down_page" time="6.274"/>
  <system-out/>
  <testcase classname="AllSteps.AllStepsClass" name="click_On_Enter_Btn" time="3.206"/>
  <system-out/>
</testsuite> <!-- AllSteps.AllStepsClass -->
