<?xml version="1.0" encoding="UTF-8"?>
<!-- Generated by org.testng.reporters.JUnitReportReporter -->
<testsuite hostname="Asus" failures="0" tests="1" name="Runner.RunnerClass" time="0.078" errors="1" timestamp="2025-10-27T16:47:23 IST" skipped="0">
  <testcase classname="Runner.RunnerClass" name="runScenario" time="0.078">
    <error message="Cannot invoke &quot;io.appium.java_client.android.AndroidDriver.launchApp()&quot; because &quot;AllSteps.AllStepsClass.driver&quot; is null" type="java.lang.NullPointerException">
      <![CDATA[java.lang.NullPointerException: Cannot invoke "io.appium.java_client.android.AndroidDriver.launchApp()" because "AllSteps.AllStepsClass.driver" is null
at AllSteps.AllStepsClass.enter_username_and_password(AllStepsClass.java:24)
at ✽.Enter Username and password(file:///C:/Users/rams9/eclipse-workspace/AppiumMobileTestingProject/./Features/features.feature:22)
]]>
    </error>
  </testcase> <!-- runScenario -->
  <system-out/>
</testsuite> <!-- Runner.RunnerClass -->
